2020-07-04T20:22:36.987+0530 [DEBUG] [org.gradle.launcher.daemon.bootstrap.DaemonMain] Assuming the daemon was started with following jvm opts: [-XX:MaxMetaspaceSize=256m, -XX:+HeapDumpOnOutOfMemoryError, -Xms256m, -Xmx512m, -Dfile.encoding=UTF-8, -Duser.country=IN, -Duser.language=en, -Duser.variant]
2020-07-04T20:22:38.367+0530 [INFO] [org.gradle.launcher.daemon.server.Daemon] start() called on daemon - DefaultDaemonContext[uid=19d3f6a7-a6c8-472a-8c08-6773ecbfcab9,javaHome=/usr/local/jdk1.8.0_191,daemonRegistryDir=/home/siva/eclipse-workspace/palindrome/daemon,pid=10671,idleTimeout=10800000,priority=NORMAL,daemonOpts=-XX:MaxMetaspaceSize=256m,-XX:+HeapDumpOnOutOfMemoryError,-Xms256m,-Xmx512m,-Dfile.encoding=UTF-8,-Duser.country=IN,-Duser.language=en,-Duser.variant]
2020-07-04T20:22:38.727+0530 [DEBUG] [org.gradle.internal.remote.internal.inet.InetAddresses] Adding IP addresses for network interface wlp3s0
2020-07-04T20:22:38.728+0530 [DEBUG] [org.gradle.internal.remote.internal.inet.InetAddresses] Is this a loopback interface? false
2020-07-04T20:22:38.728+0530 [DEBUG] [org.gradle.internal.remote.internal.inet.InetAddresses] Adding remote address /fe80:0:0:0:fb64:48ed:c8aa:7678%wlp3s0
2020-07-04T20:22:38.728+0530 [DEBUG] [org.gradle.internal.remote.internal.inet.InetAddresses] Adding remote address /2409:4072:891:a958:c692:5ca5:78c2:41d5%wlp3s0
2020-07-04T20:22:38.729+0530 [DEBUG] [org.gradle.internal.remote.internal.inet.InetAddresses] Adding remote address /2409:4072:891:a958:710a:1ec5:d019:41d8%wlp3s0
2020-07-04T20:22:38.778+0530 [DEBUG] [org.gradle.internal.remote.internal.inet.InetAddresses] Adding remote address /192.168.43.129
2020-07-04T20:22:38.778+0530 [DEBUG] [org.gradle.internal.remote.internal.inet.InetAddresses] Adding IP addresses for network interface lo
2020-07-04T20:22:38.779+0530 [DEBUG] [org.gradle.internal.remote.internal.inet.InetAddresses] Is this a loopback interface? true
2020-07-04T20:22:38.779+0530 [DEBUG] [org.gradle.internal.remote.internal.inet.InetAddresses] Adding loopback address /0:0:0:0:0:0:0:1%lo
2020-07-04T20:22:38.779+0530 [DEBUG] [org.gradle.internal.remote.internal.inet.InetAddresses] Adding loopback address /127.0.0.1
2020-07-04T20:22:38.810+0530 [DEBUG] [org.gradle.internal.remote.internal.inet.TcpIncomingConnector] Listening on [ee2fd929-31e2-4e56-a6e2-bb4d5a6ecbad port:41259, addresses:[localhost/127.0.0.1]].
2020-07-04T20:22:38.820+0530 [DEBUG] [org.gradle.launcher.daemon.server.Daemon] Daemon starting at: Sat Jul 04 20:22:38 IST 2020, with address: [ee2fd929-31e2-4e56-a6e2-bb4d5a6ecbad port:41259, addresses:[localhost/127.0.0.1]]
2020-07-04T20:22:38.820+0530 [INFO] [org.gradle.launcher.daemon.server.DaemonRegistryUpdater] Advertising the daemon address to the clients: [ee2fd929-31e2-4e56-a6e2-bb4d5a6ecbad port:41259, addresses:[localhost/127.0.0.1]]
2020-07-04T20:22:38.820+0530 [DEBUG] [org.gradle.launcher.daemon.server.DaemonRegistryUpdater] Advertised daemon context: DefaultDaemonContext[uid=19d3f6a7-a6c8-472a-8c08-6773ecbfcab9,javaHome=/usr/local/jdk1.8.0_191,daemonRegistryDir=/home/siva/eclipse-workspace/palindrome/daemon,pid=10671,idleTimeout=10800000,priority=NORMAL,daemonOpts=-XX:MaxMetaspaceSize=256m,-XX:+HeapDumpOnOutOfMemoryError,-Xms256m,-Xmx512m,-Dfile.encoding=UTF-8,-Duser.country=IN,-Duser.language=en,-Duser.variant]
2020-07-04T20:22:38.833+0530 [DEBUG] [org.gradle.launcher.daemon.registry.PersistentDaemonRegistry] Storing daemon address: [ee2fd929-31e2-4e56-a6e2-bb4d5a6ecbad port:41259, addresses:[localhost/127.0.0.1]], context: DefaultDaemonContext[uid=19d3f6a7-a6c8-472a-8c08-6773ecbfcab9,javaHome=/usr/local/jdk1.8.0_191,daemonRegistryDir=/home/siva/eclipse-workspace/palindrome/daemon,pid=10671,idleTimeout=10800000,priority=NORMAL,daemonOpts=-XX:MaxMetaspaceSize=256m,-XX:+HeapDumpOnOutOfMemoryError,-Xms256m,-Xmx512m,-Dfile.encoding=UTF-8,-Duser.country=IN,-Duser.language=en,-Duser.variant]
2020-07-04T20:22:38.878+0530 [DEBUG] [org.gradle.cache.internal.DefaultFileLockManager] Waiting to acquire exclusive lock on daemon addresses registry.
2020-07-04T20:22:38.884+0530 [DEBUG] [org.gradle.cache.internal.DefaultFileLockManager] The file lock is held by a different Gradle process (pid: 10675, lockId: -8285656113972574539). Pinged owner at port 33265
2020-07-04T20:22:39.224+0530 [DEBUG] [org.gradle.cache.internal.DefaultFileLockManager] The file lock is held by a different Gradle process (pid: 10686, lockId: -1906421484533651777). Pinged owner at port 46499
2020-07-04T20:22:40.253+0530 [DEBUG] [org.gradle.cache.internal.DefaultFileLockManager] The file lock is held by a different Gradle process (pid: 10686, lockId: -1906421484533651777). Pinged owner at port 46499
2020-07-04T20:22:41.408+0530 [DEBUG] [org.gradle.cache.internal.DefaultFileLockManager] Lock acquired on daemon addresses registry.
2020-07-04T20:22:41.413+0530 [DEBUG] [org.gradle.cache.internal.DefaultFileLockManager] Releasing lock on daemon addresses registry.
2020-07-04T20:22:41.414+0530 [LIFECYCLE] [org.gradle.launcher.daemon.server.Daemon] Daemon server started.
2020-07-04T20:22:41.430+0530 [DEBUG] [org.gradle.launcher.daemon.bootstrap.DaemonStartupCommunication] Completed writing the daemon greeting. Closing streams...
2020-07-04T20:22:41.449+0530 [DEBUG] [org.gradle.launcher.daemon.server.Daemon] stopOnExpiration() called on daemon
2020-07-04T20:22:41.451+0530 [DEBUG] [org.gradle.launcher.daemon.server.Daemon] awaitExpiration() called on daemon
2020-07-04T20:22:41.451+0530 [DEBUG] [org.gradle.launcher.daemon.server.DaemonStateCoordinator] daemon is running. Sleeping until state changes.
2020-07-04T20:22:41.471+0530 [DEBUG] [org.gradle.internal.remote.internal.inet.TcpIncomingConnector] Accepted connection from /127.0.0.1:42322 to /127.0.0.1:41259.
2020-07-04T20:22:41.987+0530 [DEBUG] [org.gradle.launcher.daemon.server.SynchronizedDispatchConnection] thread 15: received class org.gradle.launcher.daemon.protocol.Build
2020-07-04T20:22:41.988+0530 [DEBUG] [org.gradle.launcher.daemon.server.DefaultDaemonConnection] thread 15: Received non-IO message from client: Build{id=7772c96d-d366-4f13-9c72-9999891a54d0, currentDir=/home/siva/eclipse/jee-2019-03/eclipse}
2020-07-04T20:22:41.990+0530 [INFO] [org.gradle.launcher.daemon.server.DefaultIncomingConnectionHandler] Received command: Build{id=7772c96d-d366-4f13-9c72-9999891a54d0, currentDir=/home/siva/eclipse/jee-2019-03/eclipse}.
2020-07-04T20:22:41.990+0530 [DEBUG] [org.gradle.launcher.daemon.server.DefaultIncomingConnectionHandler] Starting executing command: Build{id=7772c96d-d366-4f13-9c72-9999891a54d0, currentDir=/home/siva/eclipse/jee-2019-03/eclipse} with connection: socket connection from /127.0.0.1:41259 to /127.0.0.1:42322.
2020-07-04T20:22:42.002+0530 [ERROR] [org.gradle.launcher.daemon.server.DaemonStateCoordinator] Command execution: started DaemonCommandExecution[command = Build{id=7772c96d-d366-4f13-9c72-9999891a54d0, currentDir=/home/siva/eclipse/jee-2019-03/eclipse}, connection = DefaultDaemonConnection: socket connection from /127.0.0.1:41259 to /127.0.0.1:42322] after 0.0 minutes of idle
2020-07-04T20:22:42.002+0530 [INFO] [org.gradle.launcher.daemon.server.DaemonRegistryUpdater] Marking the daemon as busy, address: [ee2fd929-31e2-4e56-a6e2-bb4d5a6ecbad port:41259, addresses:[localhost/127.0.0.1]]
2020-07-04T20:22:42.003+0530 [DEBUG] [org.gradle.launcher.daemon.registry.PersistentDaemonRegistry] Marking busy by address: [ee2fd929-31e2-4e56-a6e2-bb4d5a6ecbad port:41259, addresses:[localhost/127.0.0.1]]
2020-07-04T20:22:42.005+0530 [DEBUG] [org.gradle.cache.internal.DefaultFileLockManager] Waiting to acquire exclusive lock on daemon addresses registry.
2020-07-04T20:22:42.008+0530 [DEBUG] [org.gradle.cache.internal.DefaultFileLockManager] Lock acquired on daemon addresses registry.
2020-07-04T20:22:42.021+0530 [DEBUG] [org.gradle.cache.internal.DefaultFileLockManager] Releasing lock on daemon addresses registry.
2020-07-04T20:22:42.023+0530 [DEBUG] [org.gradle.launcher.daemon.server.DaemonStateCoordinator] resetting idle timer
2020-07-04T20:22:42.024+0530 [DEBUG] [org.gradle.launcher.daemon.server.DaemonStateCoordinator] daemon is running. Sleeping until state changes.
2020-07-04T20:22:42.028+0530 [INFO] [org.gradle.launcher.daemon.server.exec.StartBuildOrRespondWithBusy] Daemon is about to start building Build{id=7772c96d-d366-4f13-9c72-9999891a54d0, currentDir=/home/siva/eclipse/jee-2019-03/eclipse}. Dispatching build started information...
2020-07-04T20:22:42.033+0530 [DEBUG] [org.gradle.launcher.daemon.server.SynchronizedDispatchConnection] thread 17: dispatching org.gradle.launcher.daemon.protocol.BuildStarted@34613383
2020-07-04T20:22:42.038+0530 [DEBUG] [org.gradle.launcher.daemon.server.exec.EstablishBuildEnvironment] Configuring env variables: {PATH=/usr/local/sbin:/usr/local/bin:/usr/sbin:/usr/bin:/sbin:/bin:/usr/games:/usr/local/games:/snap/bin, XAUTHORITY=/run/user/1000/gdm/Xauthority, INVOCATION_ID=27989e693f6542d58e179b57230713bd, XMODIFIERS=@im=ibus, XDG_DATA_DIRS=/usr/share/ubuntu:/usr/local/share/:/usr/share/:/var/lib/snapd/desktop, GDMSESSION=ubuntu, TEXTDOMAINDIR=/usr/share/locale/, GTK_IM_MODULE=ibus, DBUS_SESSION_BUS_ADDRESS=unix:path=/run/user/1000/bus,guid=65ed859d325f67bf323971725f007dcd, XDG_CURRENT_DESKTOP=ubuntu:GNOME, JOURNAL_STREAM=9:30335, SSH_AGENT_PID=1493, QT4_IM_MODULE=xim, USERNAME=siva, SESSION_MANAGER=local/siva-Vostro-270s:@/tmp/.ICE-unix/1398,unix/siva-Vostro-270s:/tmp/.ICE-unix/1398, LOGNAME=siva, MANAGERPID=1369, PWD=/home/siva, IM_CONFIG_PHASE=2, SHELL=/bin/bash, GNOME_DESKTOP_SESSION_ID=this-is-deprecated, GTK_MODULES=gail:atk-bridge, CLUTTER_IM_MODULE=xim, TEXTDOMAIN=im-config, DBUS_STARTER_ADDRESS=unix:path=/run/user/1000/bus,guid=65ed859d325f67bf323971725f007dcd, XDG_SESSION_DESKTOP=ubuntu, SHLVL=0, OXYGEN_DISABLE_INNER_SHADOWS_HACK=1, QT_IM_MODULE=ibus, XDG_CONFIG_DIRS=/etc/xdg/xdg-ubuntu:/etc/xdg, LANG=en_IN, XDG_SESSION_ID=2, XDG_SESSION_TYPE=x11, DISPLAY=:0, _=/usr/bin/dbus-update-activation-environment, LIBOVERLAY_SCROLLBAR=0, GDK_CORE_DEVICE_EVENTS=1, GPG_AGENT_INFO=/run/user/1000/gnupg/S.gpg-agent:0:1, DESKTOP_SESSION=ubuntu, USER=siva, XDG_MENU_PREFIX=gnome-, WINDOWPATH=2, QT_ACCESSIBILITY=1, XDG_SEAT=seat0, SSH_AUTH_SOCK=/run/user/1000/keyring/ssh, GNOME_SHELL_SESSION_MODE=ubuntu, XDG_VTNR=2, XDG_RUNTIME_DIR=/run/user/1000, HOME=/home/siva, DBUS_STARTER_BUS_TYPE=session}
2020-07-04T20:22:42.096+0530 [DEBUG] [org.gradle.launcher.daemon.server.exec.LogToClient] About to start relaying all logs to the client via the connection.
2020-07-04T20:22:42.099+0530 [INFO] [org.gradle.launcher.daemon.server.exec.LogToClient] The client will now receive all logging from the daemon (pid: 10671). The daemon log file: /home/siva/eclipse-workspace/palindrome/daemon/6.4.1/daemon-10671.out.log
2020-07-04T20:22:42.101+0530 [INFO] [org.gradle.launcher.daemon.server.exec.LogAndCheckHealth] Starting build in new daemon [memory: 477.6 MB]
2020-07-04T20:22:42.159+0530 [DEBUG] [org.gradle.launcher.daemon.server.exec.ExecuteBuild] The daemon has started executing the build.
2020-07-04T20:22:42.160+0530 [DEBUG] [org.gradle.launcher.daemon.server.exec.ExecuteBuild] Executing build with daemon context: DefaultDaemonContext[uid=19d3f6a7-a6c8-472a-8c08-6773ecbfcab9,javaHome=/usr/local/jdk1.8.0_191,daemonRegistryDir=/home/siva/eclipse-workspace/palindrome/daemon,pid=10671,idleTimeout=10800000,priority=NORMAL,daemonOpts=-XX:MaxMetaspaceSize=256m,-XX:+HeapDumpOnOutOfMemoryError,-Xms256m,-Xmx512m,-Dfile.encoding=UTF-8,-Duser.country=IN,-Duser.language=en,-Duser.variant]

FAILURE: Build failed with an exception.

* What went wrong:
A problem occurred configuring root project 'palindrome'.
> Could not resolve all artifacts for configuration ':classpath'.
   > Could not resolve org.springframework.boot:spring-boot-gradle-plugin:2.3.1.RELEASE.
     Required by:
         project : > org.springframework.boot:org.springframework.boot.gradle.plugin:2.3.1.RELEASE
      > Could not resolve org.springframework.boot:spring-boot-gradle-plugin:2.3.1.RELEASE.
         > Could not get resource 'https://plugins.gradle.org/m2/org/springframework/boot/spring-boot-gradle-plugin/2.3.1.RELEASE/spring-boot-gradle-plugin-2.3.1.RELEASE.pom'.
            > Could not GET 'https://plugins-artifacts.gradle.org/org.springframework.boot/spring-boot-gradle-plugin/2.3.1.RELEASE/1e763d6fc5c5b93d0bcbda723fad46df0fe021c459a9fd5cbc190cc931ea7376/spring-boot-gradle-plugin-2.3.1.RELEASE.pom'.
               > plugins-artifacts.gradle.org: Name or service not known
   > Could not resolve io.spring.gradle:dependency-management-plugin:1.0.9.RELEASE.
     Required by:
         project : > io.spring.dependency-management:io.spring.dependency-management.gradle.plugin:1.0.9.RELEASE
      > Could not resolve io.spring.gradle:dependency-management-plugin:1.0.9.RELEASE.
         > Could not get resource 'https://plugins.gradle.org/m2/io/spring/gradle/dependency-management-plugin/1.0.9.RELEASE/dependency-management-plugin-1.0.9.RELEASE.pom'.
            > Could not GET 'https://plugins.gradle.org/m2/io/spring/gradle/dependency-management-plugin/1.0.9.RELEASE/dependency-management-plugin-1.0.9.RELEASE.pom'.
               > Remote host closed connection during handshake

* Try:
Run with --stacktrace option to get the stack trace. Run with --info or --debug option to get more log output. Run with --scan to get full insights.

* Get more help at https://help.gradle.org

BUILD FAILED in 3m 33s

Publishing a build scan to scans.gradle.com requires accepting the Gradle Terms of Service defined at https://gradle.com/terms-of-service. Do you accept these terms? [yes, no] thread 15: client disconnection detected, canceling the build


The build scan was not published due to a configuration problem.

The Gradle Terms of Service have not been agreed to.

For more information, please see https://gradle.com/help/plugin-terms-of-service.

Alternatively, if you are using Gradle Enterprise, specify the server location.
For more information, please see https://gradle.com/help/plugin-enterprise-config.

Unable to execute command Build{id=7772c96d-d366-4f13-9c72-9999891a54d0, currentDir=/home/siva/eclipse/jee-2019-03/eclipse} from socket connection from /127.0.0.1:41259 to /127.0.0.1:42322. Dispatching the failure to the daemon client
org.gradle.internal.remote.internal.MessageIOException: Could not write '/127.0.0.1:42322'.
	at org.gradle.internal.remote.internal.inet.SocketConnection.flush(SocketConnection.java:140)
	at org.gradle.launcher.daemon.server.SynchronizedDispatchConnection.flush(SynchronizedDispatchConnection.java:62)
	at org.gradle.launcher.daemon.server.DefaultDaemonConnection.completed(DefaultDaemonConnection.java:146)
	at org.gradle.launcher.daemon.server.exec.StartBuildOrRespondWithBusy.doBuild(StartBuildOrRespondWithBusy.java:61)
	at org.gradle.launcher.daemon.server.exec.BuildCommandOnly.execute(BuildCommandOnly.java:37)
	at org.gradle.launcher.daemon.server.api.DaemonCommandExecution.proceed(DaemonCommandExecution.java:104)
	at org.gradle.launcher.daemon.server.exec.ReturnResult.execute(ReturnResult.java:36)
	at org.gradle.launcher.daemon.server.api.DaemonCommandExecution.proceed(DaemonCommandExecution.java:104)
	at org.gradle.launcher.daemon.server.api.HandleReportStatus.execute(HandleReportStatus.java:33)
	at org.gradle.launcher.daemon.server.api.DaemonCommandExecution.proceed(DaemonCommandExecution.java:104)
	at org.gradle.launcher.daemon.server.exec.HandleCancel.execute(HandleCancel.java:39)
	at org.gradle.launcher.daemon.server.api.DaemonCommandExecution.proceed(DaemonCommandExecution.java:104)
	at org.gradle.launcher.daemon.server.api.HandleInvalidateVirtualFileSystem.execute(HandleInvalidateVirtualFileSystem.java:46)
	at org.gradle.launcher.daemon.server.api.DaemonCommandExecution.proceed(DaemonCommandExecution.java:104)
	at org.gradle.launcher.daemon.server.api.HandleStop.execute(HandleStop.java:45)
	at org.gradle.launcher.daemon.server.api.DaemonCommandExecution.proceed(DaemonCommandExecution.java:104)
	at org.gradle.launcher.daemon.server.exec.DaemonCommandExecuter.executeCommand(DaemonCommandExecuter.java:55)
	at org.gradle.launcher.daemon.server.DefaultIncomingConnectionHandler$ConnectionWorker.handleCommand(DefaultIncomingConnectionHandler.java:163)
	at org.gradle.launcher.daemon.server.DefaultIncomingConnectionHandler$ConnectionWorker.receiveAndHandleCommand(DefaultIncomingConnectionHandler.java:136)
	at org.gradle.launcher.daemon.server.DefaultIncomingConnectionHandler$ConnectionWorker.run(DefaultIncomingConnectionHandler.java:124)
	at org.gradle.internal.concurrent.ExecutorPolicy$CatchAndRecordFailures.onExecute(ExecutorPolicy.java:64)
	at org.gradle.internal.concurrent.ManagedExecutorImpl$1.run(ManagedExecutorImpl.java:48)
	at java.util.concurrent.ThreadPoolExecutor.runWorker(ThreadPoolExecutor.java:1149)
	at java.util.concurrent.ThreadPoolExecutor$Worker.run(ThreadPoolExecutor.java:624)
	at org.gradle.internal.concurrent.ThreadFactoryImpl$ManagedThreadRunnable.run(ThreadFactoryImpl.java:56)
	at java.lang.Thread.run(Thread.java:748)
Caused by: java.io.IOException: Broken pipe
	at sun.nio.ch.FileDispatcherImpl.write0(Native Method)
	at sun.nio.ch.SocketDispatcher.write(SocketDispatcher.java:47)
	at sun.nio.ch.IOUtil.writeFromNativeBuffer(IOUtil.java:93)
	at sun.nio.ch.IOUtil.write(IOUtil.java:51)
	at sun.nio.ch.SocketChannelImpl.write(SocketChannelImpl.java:471)
	at org.gradle.internal.remote.internal.inet.SocketConnection$SocketOutputStream.writeWithNonBlockingRetry(SocketConnection.java:279)
	at org.gradle.internal.remote.internal.inet.SocketConnection$SocketOutputStream.writeBufferToChannel(SocketConnection.java:267)
	at org.gradle.internal.remote.internal.inet.SocketConnection$SocketOutputStream.flush(SocketConnection.java:261)
	at org.gradle.internal.remote.internal.inet.SocketConnection.flush(SocketConnection.java:138)
	... 25 more

FAILURE: Build failed with an exception.

* What went wrong:
Services for Gradle user home directory '/home/siva/eclipse-workspace/palindrome' have not been released.

* Try:
Run with --stacktrace option to get the stack trace. Run with --info or --debug option to get more log output. Run with --scan to get full insights.

* Get more help at https://help.gradle.org
Daemon vm is shutting down... The daemon has exited normally or was terminated in response to a user interrupt.
